#
# There is insufficient memory for the Java Runtime Environment to continue.
# Native memory allocation (mmap) failed to map 132120576 bytes for G1 virtual space
# Possible reasons:
#   The system is out of physical RAM or swap space
#   The process is running with CompressedOops enabled, and the Java Heap may be blocking the growth of the native heap
# Possible solutions:
#   Reduce memory load on the system
#   Increase physical memory or swap space
#   Check if swap backing store is full
#   Decrease Java heap size (-Xmx/-Xms)
#   Decrease number of Java threads
#   Decrease Java thread stack sizes (-Xss)
#   Set larger code cache with -XX:ReservedCodeCacheSize=
#   JVM is running with Unscaled Compressed Oops mode in which the Java heap is
#     placed in the first 4GB address space. The Java Heap base address is the
#     maximum limit for the native heap growth. Please use -XX:HeapBaseMinAddress
#     to set the Java Heap base and to place the Java Heap above 4GB virtual address.
# This output file may be truncated or incomplete.
#
#  Out of Memory Error (os_windows.cpp:3617), pid=105820, tid=2656
#
# JRE version:  (17.0.8+7) (build )
# Java VM: OpenJDK 64-Bit Server VM (17.0.8+7-LTS, mixed mode, emulated-client, sharing, tiered, compressed oops, compressed class ptrs, g1 gc, windows-amd64)
# No core dump will be written. Minidumps are not enabled by default on client versions of Windows
#

---------------  S U M M A R Y ------------

Command Line: -XX:TieredStopAtLevel=1 -Dspring.output.ansi.enabled=always -Dcom.sun.management.jmxremote -Dspring.jmx.enabled=true -Dspring.liveBeansView.mbeanDomain -Dspring.application.admin.enabled=true -Dmanagement.endpoints.jmx.exposure.include=* -javaagent:C:\Program Files\JetBrains\IntelliJ IDEA 2023.3\lib\idea_rt.jar=50555:C:\Program Files\JetBrains\IntelliJ IDEA 2023.3\bin -Dfile.encoding=UTF-8 com.adelium.web.WebApplication

Host: Intel(R) Core(TM) i5-10300H CPU @ 2.50GHz, 8 cores, 7G,  Windows 11 , 64 bit Build 22621 (10.0.22621.2506)
Time: Wed Jan 17 20:24:27 2024 Paris, Madrid elapsed time: 0.021128 seconds (0d 0h 0m 0s)

---------------  T H R E A D  ---------------

Current thread (0x0000020bb3b22a20):  JavaThread "Unknown thread" [_thread_in_vm, id=2656, stack(0x000000cc05900000,0x000000cc05a00000)]

Stack: [0x000000cc05900000,0x000000cc05a00000]
Native frames: (J=compiled Java code, j=interpreted, Vv=VM code, C=native code)
V  [jvm.dll+0x64c9da]
V  [jvm.dll+0x800834]
V  [jvm.dll+0x801fee]
V  [jvm.dll+0x802643]
V  [jvm.dll+0x23715b]
V  [jvm.dll+0x64977a]
V  [jvm.dll+0x63e1ca]
V  [jvm.dll+0x2f5e99]
V  [jvm.dll+0x2fd096]
V  [jvm.dll+0x349b7a]
V  [jvm.dll+0x349dbf]
V  [jvm.dll+0x2cc0d8]
V  [jvm.dll+0x2cd069]
V  [jvm.dll+0x7d4491]
V  [jvm.dll+0x357051]
V  [jvm.dll+0x7b485e]
V  [jvm.dll+0x3d45f3]
V  [jvm.dll+0x3d6041]
C  [jli.dll+0x51bf]
C  [ucrtbase.dll+0x29363]
C  [KERNEL32.DLL+0x1257d]
C  [ntdll.dll+0x5aa58]


---------------  P R O C E S S  ---------------

Threads class SMR info:
_java_thread_list=0x00007ffee3eaf898, length=0, elements={
}

Java Threads: ( => current thread )

Other Threads:
  0x0000020bb3b7e450 GCTaskThread "GC Thread#0" [stack: 0x000000cc05a00000,0x000000cc05b00000] [id=98908]
  0x0000020bb3b8eea0 ConcurrentGCThread "G1 Main Marker" [stack: 0x000000cc05b00000,0x000000cc05c00000] [id=107060]
  0x0000020bb3b8f8b0 ConcurrentGCThread "G1 Conc#0" [stack: 0x000000cc05c00000,0x000000cc05d00000] [id=118204]

[error occurred during error reporting (printing all threads), id 0xc0000005, EXCEPTION_ACCESS_VIOLATION (0xc0000005) at pc=0x00007ffee369d377]

VM state: not at safepoint (not fully initialized)

VM Mutex/Monitor currently owned by a thread:  ([mutex/lock_event])
[0x0000020bb3b1de00] Heap_lock - owner thread: 0x0000020bb3b22a20

Heap address: 0x0000000082800000, size: 2008 MB, Compressed Oops mode: 32-bit

CDS archive(s) mapped at: [0x0000000000000000-0x0000000000000000-0x0000000000000000), size 0, SharedBaseAddress: 0x0000000800000000, ArchiveRelocationMode: 1.
Narrow klass base: 0x0000000000000000, Narrow klass shift: 0, Narrow klass range: 0x0

GC Precious Log:
<Empty>

Heap:
 garbage-first heap   total 0K, used 0K [0x0000000082800000, 0x0000000100000000)
  region size 1024K, 0 young (0K), 0 survivors (0K)

[error occurred during error reporting (printing heap information), id 0xc0000005, EXCEPTION_ACCESS_VIOLATION (0xc0000005) at pc=0x00007ffee3a64bd9]

GC Heap History (0 events):
No events

Dll operation events (1 events):
Event: 0.016 Loaded shared library C:\Users\dalid\.jdks\corretto-17.0.8\bin\java.dll

Deoptimization events (0 events):
No events

Classes unloaded (0 events):
No events

Classes redefined (0 events):
No events

Internal exceptions (0 events):
No events

VM Operations (0 events):
No events

Events (0 events):
No events


Dynamic libraries:
0x00007ff7b1610000 - 0x00007ff7b161d000 	C:\Users\dalid\.jdks\corretto-17.0.8\bin\java.exe
0x00007fff3f5b0000 - 0x00007fff3f7c7000 	C:\WINDOWS\SYSTEM32\ntdll.dll
0x00007fff3ecf0000 - 0x00007fff3edb4000 	C:\WINDOWS\System32\KERNEL32.DLL
0x00007fff3c9f0000 - 0x00007fff3cd96000 	C:\WINDOWS\System32\KERNELBASE.dll
0x00007fff3cda0000 - 0x00007fff3ceb1000 	C:\WINDOWS\System32\ucrtbase.dll
0x00007fff31460000 - 0x00007fff31475000 	C:\Users\dalid\.jdks\corretto-17.0.8\bin\VCRUNTIME140.dll
0x00007fff31b50000 - 0x00007fff31b67000 	C:\Users\dalid\.jdks\corretto-17.0.8\bin\jli.dll
0x00007fff3eb40000 - 0x00007fff3ecee000 	C:\WINDOWS\System32\USER32.dll
0x00007fff3c990000 - 0x00007fff3c9b6000 	C:\WINDOWS\System32\win32u.dll
0x00007fff3f150000 - 0x00007fff3f179000 	C:\WINDOWS\System32\GDI32.dll
0x00007fff2c620000 - 0x00007fff2c8b3000 	C:\WINDOWS\WinSxS\amd64_microsoft.windows.common-controls_6595b64144ccf1df_6.0.22621.2506_none_270c5ae97388e100\COMCTL32.dll
0x00007fff3d160000 - 0x00007fff3d278000 	C:\WINDOWS\System32\gdi32full.dll
0x00007fff3e070000 - 0x00007fff3e117000 	C:\WINDOWS\System32\msvcrt.dll
0x00007fff3c8f0000 - 0x00007fff3c98a000 	C:\WINDOWS\System32\msvcp_win.dll
0x00007fff3d450000 - 0x00007fff3d481000 	C:\WINDOWS\System32\IMM32.DLL
0x00007ffef3700000 - 0x00007ffef379b000 	C:\Users\dalid\.jdks\corretto-17.0.8\bin\msvcp140.dll
0x00007ffee33c0000 - 0x00007ffee3fdd000 	C:\Users\dalid\.jdks\corretto-17.0.8\bin\server\jvm.dll
0x00007fff3d370000 - 0x00007fff3d423000 	C:\WINDOWS\System32\ADVAPI32.dll
0x00007fff3f1e0000 - 0x00007fff3f288000 	C:\WINDOWS\System32\sechost.dll
0x00007fff3c9c0000 - 0x00007fff3c9e8000 	C:\WINDOWS\System32\bcrypt.dll
0x00007fff3d490000 - 0x00007fff3d5a7000 	C:\WINDOWS\System32\RPCRT4.dll
0x00007fff3b730000 - 0x00007fff3b77d000 	C:\WINDOWS\SYSTEM32\POWRPROF.dll
0x00007fff33620000 - 0x00007fff33629000 	C:\WINDOWS\SYSTEM32\WSOCK32.dll
0x00007fff3da40000 - 0x00007fff3dab1000 	C:\WINDOWS\System32\WS2_32.dll
0x00007fff35c20000 - 0x00007fff35c54000 	C:\WINDOWS\SYSTEM32\WINMM.dll
0x00007fff34e30000 - 0x00007fff34e3a000 	C:\WINDOWS\SYSTEM32\VERSION.dll
0x00007fff3b710000 - 0x00007fff3b723000 	C:\WINDOWS\SYSTEM32\UMPDC.dll
0x00007fff3b9d0000 - 0x00007fff3b9e8000 	C:\WINDOWS\SYSTEM32\kernel.appcore.dll
0x00007fff33650000 - 0x00007fff3365a000 	C:\Users\dalid\.jdks\corretto-17.0.8\bin\jimage.dll
0x00007fff3a230000 - 0x00007fff3a463000 	C:\WINDOWS\SYSTEM32\DBGHELP.DLL
0x00007fff3edc0000 - 0x00007fff3f149000 	C:\WINDOWS\System32\combase.dll
0x00007fff3dce0000 - 0x00007fff3ddb7000 	C:\WINDOWS\System32\OLEAUT32.dll
0x00007fff335a0000 - 0x00007fff335d2000 	C:\WINDOWS\SYSTEM32\dbgcore.DLL
0x00007fff3d280000 - 0x00007fff3d2fa000 	C:\WINDOWS\System32\bcryptPrimitives.dll
0x00007fff36fd0000 - 0x00007fff36fde000 	C:\Users\dalid\.jdks\corretto-17.0.8\bin\instrument.dll
0x00007fff2b500000 - 0x00007fff2b525000 	C:\Users\dalid\.jdks\corretto-17.0.8\bin\java.dll

dbghelp: loaded successfully - version: 4.0.5 - missing functions: none
symbol engine: initialized successfully - sym options: 0x614 - pdb path: .;C:\Users\dalid\.jdks\corretto-17.0.8\bin;C:\WINDOWS\SYSTEM32;C:\WINDOWS\WinSxS\amd64_microsoft.windows.common-controls_6595b64144ccf1df_6.0.22621.2506_none_270c5ae97388e100;C:\Users\dalid\.jdks\corretto-17.0.8\bin\server

VM Arguments:
jvm_args: -XX:TieredStopAtLevel=1 -Dspring.output.ansi.enabled=always -Dcom.sun.management.jmxremote -Dspring.jmx.enabled=true -Dspring.liveBeansView.mbeanDomain -Dspring.application.admin.enabled=true -Dmanagement.endpoints.jmx.exposure.include=* -javaagent:C:\Program Files\JetBrains\IntelliJ IDEA 2023.3\lib\idea_rt.jar=50555:C:\Program Files\JetBrains\IntelliJ IDEA 2023.3\bin -Dfile.encoding=UTF-8 
java_command: com.adelium.web.WebApplication
java_class_path (initial): C:\Users\dalid\Downloads\securing-web\securing-web\target\classes;C:\Users\dalid\.m2\repository\org\springframework\boot\spring-boot-starter-thymeleaf\3.2.0\spring-boot-starter-thymeleaf-3.2.0.jar;C:\Users\dalid\.m2\repository\org\thymeleaf\thymeleaf-spring6\3.1.2.RELEASE\thymeleaf-spring6-3.1.2.RELEASE.jar;C:\Users\dalid\.m2\repository\org\thymeleaf\thymeleaf\3.1.2.RELEASE\thymeleaf-3.1.2.RELEASE.jar;C:\Users\dalid\.m2\repository\org\attoparser\attoparser\2.0.7.RELEASE\attoparser-2.0.7.RELEASE.jar;C:\Users\dalid\.m2\repository\org\unbescape\unbescape\1.1.6.RELEASE\unbescape-1.1.6.RELEASE.jar;C:\Users\dalid\.m2\repository\org\springframework\boot\spring-boot-starter-web\3.2.0\spring-boot-starter-web-3.2.0.jar;C:\Users\dalid\.m2\repository\org\springframework\boot\spring-boot-starter-json\3.2.0\spring-boot-starter-json-3.2.0.jar;C:\Users\dalid\.m2\repository\com\fasterxml\jackson\datatype\jackson-datatype-jdk8\2.15.3\jackson-datatype-jdk8-2.15.3.jar;C:\Users\dalid\.m2\repository\com\fasterxml\jackson\datatype\jackson-datatype-jsr310\2.15.3\jackson-datatype-jsr310-2.15.3.jar;C:\Users\dalid\.m2\repository\com\fasterxml\jackson\module\jackson-module-parameter-names\2.15.3\jackson-module-parameter-names-2.15.3.jar;C:\Users\dalid\.m2\repository\org\springframework\boot\spring-boot-starter-tomcat\3.2.0\spring-boot-starter-tomcat-3.2.0.jar;C:\Users\dalid\.m2\repository\org\apache\tomcat\embed\tomcat-embed-core\10.1.16\tomcat-embed-core-10.1.16.jar;C:\Users\dalid\.m2\repository\org\apache\tomcat\embed\tomcat-embed-el\10.1.16\tomcat-embed-el-10.1.16.jar;C:\Users\dalid\.m2\repository\org\apache\tomcat\embed\tomcat-embed-websocket\10.1.16\tomcat-embed-websocket-10.1.16.jar;C:\Users\dalid\.m2\repository\org\springframework\spring-web\6.1.1\spring-web-6.1.1.jar;C:\Users\dalid\.m2\repository\org\springframework\spring-beans\6.1.1\spring-beans-6.1.1.jar;C:\Users\dalid\.m2\repository\io\micrometer\micrometer-observation\1.12.0\micrometer-observation-1.12
Launcher Type: SUN_STANDARD

[Global flags]
     intx CICompilerCount                          = 4                                         {product} {ergonomic}
     uint ConcGCThreads                            = 2                                         {product} {ergonomic}
     uint G1ConcRefinementThreads                  = 8                                         {product} {ergonomic}
   size_t G1HeapRegionSize                         = 1048576                                   {product} {ergonomic}
    uintx GCDrainStackTargetSize                   = 64                                        {product} {ergonomic}
   size_t InitialHeapSize                          = 132120576                                 {product} {ergonomic}
     bool ManagementServer                         = true                                      {product} {command line}
   size_t MarkStackSize                            = 4194304                                   {product} {ergonomic}
   size_t MaxHeapSize                              = 2105540608                                {product} {ergonomic}
   size_t MinHeapDeltaBytes                        = 1048576                                   {product} {ergonomic}
   size_t MinHeapSize                              = 8388608                                   {product} {ergonomic}
    uintx NonProfiledCodeHeapSize                  = 0                                      {pd product} {ergonomic}
     bool ProfileInterpreter                       = false                                  {pd product} {command line}
    uintx ProfiledCodeHeapSize                     = 0                                      {pd product} {ergonomic}
   size_t SoftMaxHeapSize                          = 2105540608                             {manageable} {ergonomic}
     intx TieredStopAtLevel                        = 1                                         {product} {command line}
     bool UseCompressedClassPointers               = true                           {product lp64_product} {ergonomic}
     bool UseCompressedOops                        = true                           {product lp64_product} {ergonomic}
     bool UseG1GC                                  = true                                      {product} {ergonomic}
     bool UseLargePagesIndividualAllocation        = false                                  {pd product} {ergonomic}

Logging:
Log output configuration:
 #0: stdout all=warning uptime,level,tags
 #1: stderr all=off uptime,level,tags

Environment Variables:
PATH=C:\Program Files\Common Files\Oracle\Java\javapath;C:\Windows\system32;C:\Windows;C:\Windows\System32\Wbem;C:\Windows\System32\WindowsPowerShell\v1.0\;C:\Windows\System32\OpenSSH\;C:\Program Files (x86)\NVIDIA Corporation\PhysX\Common;C:\Program Files\NVIDIA Corporation\NVIDIA NvDLISR;C:\Program Files\nodejs\;C:\WINDOWS\system32;C:\WINDOWS;C:\WINDOWS\System32\Wbem;C:\WINDOWS\System32\WindowsPowerShell\v1.0\;C:\WINDOWS\System32\OpenSSH\;C:\wamp64\bin\php\php8.1.0;C:\ProgramData\ComposerSetup\bin;C:\Program Files\Git\cmd;C:\Program Files\Docker\Docker\resources\bin;C:\Users\dalid\scoop\shims;C:\Users\dalid\AppData\Local\Microsoft\WindowsApps;C:\Users\dalid\AppData\Local\Programs\Microsoft VS Code\bin;C:\Program Files\JetBrains\PhpStorm 2020.2.1\bin;;C:\Program Files\JetBrains\WebStorm 2020.1\bin;;C:\wamp64\bin\php\php8.2.0;C:\Users\dalid\AppData\Roaming\npm;C:\Users\dalid\AppData\Roaming\Composer\vendor\bin;;C:\Program Files\JetBrains\IntelliJ IDEA Community Edition 2023.2\bin;;C:\Program Files\JetBrains\IntelliJ IDEA 2023.3\bin;
USERNAME=dalid
OS=Windows_NT
PROCESSOR_IDENTIFIER=Intel64 Family 6 Model 165 Stepping 2, GenuineIntel
TMP=C:\Users\dalid\AppData\Local\Temp
TEMP=C:\Users\dalid\AppData\Local\Temp



---------------  S Y S T E M  ---------------

OS:
 Windows 11 , 64 bit Build 22621 (10.0.22621.2506)
OS uptime: 6 days 14:23 hours
Hyper-V role detected

CPU: total 8 (initial active 8) (4 cores per cpu, 2 threads per core) family 6 model 165 stepping 2 microcode 0xe0, cx8, cmov, fxsr, ht, mmx, 3dnowpref, sse, sse2, sse3, ssse3, sse4.1, sse4.2, popcnt, lzcnt, tsc, tscinvbit, avx, avx2, aes, erms, clmul, bmi1, bmi2, adx, fma, vzeroupper, clflush, clflushopt, hv
Processor Information for all 8 processors :
  Max Mhz: 2496, Current Mhz: 2496, Mhz Limit: 2496

Memory: 4k page, system-wide physical 8029M (390M free)
TotalPageFile size 32605M (AvailPageFile size 16M)
current process WorkingSet (physical memory assigned to process): 11M, peak: 11M
current process commit charge ("private bytes"): 55M, peak: 181M

vm_info: OpenJDK 64-Bit Server VM (17.0.8+7-LTS) for windows-amd64 JRE (17.0.8+7-LTS), built on Jul 10 2023 20:26:03 by "Administrator" with MS VC++ 15.9 (VS2017)

END.
